<?xml version="1.0" encoding="UTF-8"?>
<!-- Generated by org.testng.reporters.JUnitXMLReporter -->
<testsuite ignored="0" hostname="Mirays-MacBook-Pro.local" failures="0" tests="3" name="Assignment" time="2.367" errors="0" timestamp="2020-04-21T22:45:54 EDT">
  <testcase classname="assignment.CreateDeck" name="testPostCallFail" time="0.141"/>
  <testcase classname="assignment.CreateDeck" name="testSuccessCreateDeck" time="0.0"/>
  <testcase classname="assignment.DrawCards" name="pickCards" time="0.298"/>
</testsuite> <!-- Assignment -->
