<?xml version="1.0" encoding="UTF-8"?>
<!-- Generated by org.testng.reporters.JUnitXMLReporter -->
<testsuite hostname="Mirays-MacBook-Pro.local" ignored="0" name="Assignment" tests="3" failures="0" timestamp="2020-04-21T22:53:10 EDT" time="2.542" errors="0">
  <testcase name="testPostCallFail" time="0.216" classname="assignment.CreateDeck"/>
  <testcase name="testSuccessCreateDeck" time="0.0" classname="assignment.CreateDeck"/>
  <testcase name="pickCards" time="0.163" classname="assignment.DrawCards"/>
</testsuite> <!-- Assignment -->
