<?xml version="1.0" encoding="UTF-8"?>
<testng-results ignored="0" total="3" passed="3" failed="0" skipped="0">
  <reporter-output>
  </reporter-output>
  <suite started-at="2020-04-21T22:45:47 EDT" name="DeckOfCards" finished-at="2020-04-21T22:45:49 EDT" duration-ms="2367">
    <groups>
    </groups>
    <test started-at="2020-04-21T22:45:47 EDT" name="Assignment" finished-at="2020-04-21T22:45:49 EDT" duration-ms="2367">
      <class name="assignment.CreateDeck">
        <test-method is-config="true" signature="setUpTest()[pri:0, instance:assignment.CreateDeck@17a1e4ca]" started-at="2020-04-21T22:45:47 EDT" name="setUpTest" finished-at="2020-04-21T22:45:48 EDT" duration-ms="1065" status="PASS">
          <reporter-output>
          </reporter-output>
        </test-method> <!-- setUpTest -->
        <test-method signature="testPostCallFail()[pri:0, instance:assignment.CreateDeck@17a1e4ca]" started-at="2020-04-21T22:45:48 EDT" name="testPostCallFail" finished-at="2020-04-21T22:45:48 EDT" duration-ms="141" status="PASS">
          <reporter-output>
          </reporter-output>
        </test-method> <!-- testPostCallFail -->
        <test-method is-config="true" signature="setUpTest()[pri:0, instance:assignment.CreateDeck@17a1e4ca]" started-at="2020-04-21T22:45:48 EDT" name="setUpTest" finished-at="2020-04-21T22:45:49 EDT" duration-ms="459" status="PASS">
          <reporter-output>
          </reporter-output>
        </test-method> <!-- setUpTest -->
        <test-method signature="testSuccessCreateDeck()[pri:0, instance:assignment.CreateDeck@17a1e4ca]" started-at="2020-04-21T22:45:49 EDT" name="testSuccessCreateDeck" finished-at="2020-04-21T22:45:49 EDT" duration-ms="0" status="PASS">
          <reporter-output>
          </reporter-output>
        </test-method> <!-- testSuccessCreateDeck -->
      </class> <!-- assignment.CreateDeck -->
      <class name="assignment.DrawCards">
        <test-method is-config="true" signature="setUpTest()[pri:0, instance:assignment.DrawCards@10ded6a9]" started-at="2020-04-21T22:45:49 EDT" name="setUpTest" finished-at="2020-04-21T22:45:49 EDT" duration-ms="384" status="PASS">
          <reporter-output>
          </reporter-output>
        </test-method> <!-- setUpTest -->
        <test-method signature="pickCards()[pri:0, instance:assignment.DrawCards@10ded6a9]" started-at="2020-04-21T22:45:49 EDT" name="pickCards" finished-at="2020-04-21T22:45:49 EDT" duration-ms="298" status="PASS">
          <reporter-output>
          </reporter-output>
        </test-method> <!-- pickCards -->
      </class> <!-- assignment.DrawCards -->
    </test> <!-- Assignment -->
  </suite> <!-- DeckOfCards -->
</testng-results>
