<?xml version="1.0" encoding="UTF-8"?>
<testsuite xmlns:xsi="http://www.w3.org/2001/XMLSchema-instance" xsi:noNamespaceSchemaLocation="https://maven.apache.org/surefire/maven-surefire-plugin/xsd/surefire-test-report.xsd" name="TestSuite" time="7.875" tests="3" errors="0" skipped="0" failures="0">
  <properties>
[...]
</properties>
  <testcase name="testPostCallFail" classname="assignment.CreateDeck" time="0.142"/>
  <testcase name="testSuccessCreateDeck" classname="assignment.CreateDeck" time="0.001"/>
  <testcase name="pickCards" classname="assignment.DrawCards" time="0.298"/>
</testsuite>